TN:
SF:/home/kieran/Documents/Programming/Rust/rust-crawler/src/crawler.rs
FN:16,new
FN:24,set_verbosity
FN:28,crawl
FN:56,get_node_sync
FN:73,enqueue
FN:87,spawn_crawling_thread
FN:92,{closure#0}
FNF:7
FNDA:0,new
FNDA:0,set_verbosity
FNDA:0,crawl
FNDA:0,get_node_sync
FNDA:0,enqueue
FNDA:0,spawn_crawling_thread
FNDA:0,{closure#0}
DA:16,0
DA:20,0
DA:24,0
DA:25,0
DA:28,0
DA:29,0
DA:30,0
DA:31,0
DA:32,0
DA:33,0
DA:38,0
DA:39,0
DA:40,0
DA:41,0
DA:56,0
DA:57,0
DA:58,0
DA:73,0
DA:74,0
DA:78,0
DA:79,0
DA:80,0
DA:81,0
DA:83,0
DA:87,0
DA:88,0
DA:90,0
DA:92,0
LF:28
LH:0
end_of_record
TN:
SF:/home/kieran/Documents/Programming/Rust/rust-crawler/src/graph.rs
FN:13,add_node
FN:20,add_neighbor
FN:28,len
FN:32,is_empty
FN:36,parents
FN:37,{closure#0}
FN:40,get
FN:44,get_mut
FNF:8
FNDA:0,add_node
FNDA:0,add_neighbor
FNDA:0,len
FNDA:0,is_empty
FNDA:0,parents
FNDA:0,{closure#0}
FNDA:0,get
FNDA:0,get_mut
DA:13,0
DA:14,0
DA:15,0
DA:16,0
DA:20,0
DA:21,0
DA:22,0
DA:24,0
DA:25,0
DA:28,0
DA:29,0
DA:32,0
DA:33,0
DA:36,0
DA:37,0
DA:40,0
DA:41,0
DA:44,0
DA:45,0
LF:19
LH:0
end_of_record
TN:
SF:/home/kieran/Documents/Programming/Rust/rust-crawler/src/html.rs
FN:3,clean_up_href
FN:6,get_urls_from_page
FN:36,{closure#0}
FN:54,get_url_strings_from_doc
FN:68,get_neighbors
FN:74,absolutize_path
FN:115,{closure#0}
FN:123,{closure#0}
FNF:8
FNDA:0,clean_up_href
FNDA:0,get_urls_from_page
FNDA:0,{closure#0}
FNDA:0,get_url_strings_from_doc
FNDA:0,get_neighbors
FNDA:1,absolutize_path
FNDA:3,{closure#0}
FNDA:3,{closure#0}
DA:3,0
DA:4,0
DA:6,0
DA:12,0
DA:13,0
DA:15,0
DA:18,0
DA:22,0
DA:23,0
DA:24,0
DA:25,0
DA:29,0
DA:30,0
DA:33,0
DA:34,0
DA:36,0
DA:37,0
DA:38,0
DA:39,0
DA:41,0
DA:42,0
DA:43,0
DA:44,0
DA:45,0
DA:48,0
DA:50,0
DA:54,0
DA:55,0
DA:56,0
DA:57,0
DA:58,0
DA:61,0
DA:62,0
DA:63,0
DA:68,0
DA:69,0
DA:70,0
DA:71,0
DA:74,1
DA:75,1
DA:76,0
DA:79,2
DA:80,0
DA:83,1
DA:85,3
DA:86,1
DA:87,1
DA:91,2
DA:92,1
DA:95,3
DA:96,1
DA:97,1
DA:101,1
DA:103,3
DA:104,1
DA:105,1
DA:106,1
DA:108,0
DA:113,2
DA:115,3
DA:117,1
DA:123,3
DA:124,1
DA:126,4
DA:127,2
LF:65
LH:24
end_of_record
TN:
SF:/home/kieran/Documents/Programming/Rust/rust-crawler/src/main.rs
FN:3,main
FN:23,{closure#0}
FN:36,{closure#0}
FN:56,parsing_url
FNF:4
FNDA:0,main
FNDA:3,{closure#0}
FNDA:3,{closure#0}
FNDA:3,parsing_url
DA:3,0
DA:4,0
DA:5,0
DA:23,3
DA:36,3
DA:37,1
DA:38,1
DA:41,1
DA:42,1
DA:45,1
DA:46,1
DA:49,1
DA:50,1
DA:56,3
DA:57,1
DA:58,1
DA:60,2
DA:67,1
DA:69,1
DA:71,1
LF:20
LH:17
end_of_record
TN:
SF:/home/kieran/Documents/Programming/Rust/rust-crawler/src/page_node.rs
FN:24,enqueue
FN:31,default
FNF:2
FNDA:0,enqueue
FNDA:0,default
DA:24,0
DA:25,0
DA:26,0
DA:31,0
DA:35,0
LF:5
LH:0
end_of_record
TN:
SF:/home/kieran/Documents/Programming/Rust/rust-crawler/src/uri.rs
FN:11,new
FN:15,build
FN:19,protocol<&alloc::string::String>
FN:24,host<&str>
FN:29,port<&alloc::string::String>
FN:34,path<&str>
FN:44,fragment<&str>
FN:51,from
FN:67,builder
FN:75,from_str
FN:178,fmt
FN:199,already_passing
FNF:12
FNDA:1,new
FNDA:1,build
FNDA:1,protocol<&alloc::string::String>
FNDA:1,host<&str>
FNDA:0,port<&alloc::string::String>
FNDA:1,path<&str>
FNDA:1,fragment<&str>
FNDA:0,from
FNDA:1,builder
FNDA:1,from_str
FNDA:1,fmt
FNDA:3,already_passing
DA:11,1
DA:12,1
DA:15,1
DA:16,1
DA:19,1
DA:20,2
DA:21,1
DA:24,1
DA:25,2
DA:26,1
DA:29,0
DA:30,0
DA:31,0
DA:34,1
DA:35,2
DA:36,1
DA:44,1
DA:45,2
DA:46,1
DA:51,0
DA:67,1
DA:68,1
DA:75,1
DA:76,2
DA:77,0
DA:80,2
DA:81,2
DA:82,2
DA:84,4
DA:86,4
DA:87,2
DA:91,2
DA:92,4
DA:94,4
DA:95,2
DA:96,4
DA:98,0
DA:101,4
DA:103,6
DA:105,2
DA:107,2
DA:109,4
DA:110,0
DA:111,0
DA:115,4
DA:116,0
DA:117,0
DA:118,0
DA:121,1
DA:124,3
DA:125,2
DA:127,1
DA:131,2
DA:132,2
DA:134,0
DA:138,5
DA:139,0
DA:141,4
DA:144,6
DA:145,2
DA:147,2
DA:150,8
DA:152,6
DA:153,0
DA:155,6
DA:156,0
DA:158,6
DA:159,0
DA:161,6
DA:162,0
DA:173,3
DA:178,1
DA:179,1
DA:180,2
DA:181,0
DA:183,2
DA:184,2
DA:185,0
DA:187,2
DA:188,1
DA:191,1
DA:199,3
DA:202,1
DA:204,2
DA:206,1
DA:207,2
DA:208,2
DA:209,2
DA:210,2
DA:211,2
LF:90
LH:71
end_of_record
